2026-02-03 00:46:13 Loading main app package /usr/lib/obsidian/obsidian.asar
2026-02-03 00:46:14 Checking for update using Github
2026-02-03 00:46:14 Success.
2026-02-03 00:46:14 Latest version is 1.11.5
2026-02-03 00:46:14 App is up to date.
2026-02-03 00:46:34 Loading main app package /usr/lib/obsidian/obsidian.asar
2026-02-03 00:46:34 Checking for update using Github
2026-02-03 00:46:34 Success.
2026-02-03 00:46:34 Latest version is 1.11.5
2026-02-03 00:46:34 App is up to date.
2026-02-03 01:44:12 Loading main app package /usr/lib/obsidian/obsidian.asar
2026-02-03 01:44:12 Checking for update using Github
2026-02-03 01:44:12 Success.
2026-02-03 01:44:12 Latest version is 1.11.5
2026-02-03 01:44:12 App is up to date.
2026-02-03 01:44:37 Loading main app package /usr/lib/obsidian/obsidian.asar
2026-02-03 01:44:38 Checking for update using Github
2026-02-03 01:44:38 Success.
2026-02-03 01:44:38 Latest version is 1.11.5
2026-02-03 01:44:38 App is up to date.
2026-02-03 01:51:32 Loading main app package /usr/lib/obsidian/obsidian.asar
2026-02-03 01:51:32 Checking for update using Github
2026-02-03 01:51:32 Success.
2026-02-03 01:51:32 Latest version is 1.11.5
2026-02-03 01:51:32 App is up to date.
2026-02-03 01:51:49 Loading main app package /usr/lib/obsidian/obsidian.asar
2026-02-03 01:51:50 Checking for update using Github
2026-02-03 01:51:50 Success.
2026-02-03 01:51:50 Latest version is 1.11.5
2026-02-03 01:51:50 App is up to date.
2026-02-03 01:52:00 Loading main app package /usr/lib/obsidian/obsidian.asar
2026-02-03 01:52:01 Checking for update using Github
2026-02-03 01:52:01 Success.
2026-02-03 01:52:01 Latest version is 1.11.5
2026-02-03 01:52:01 App is up to date.
2026-02-03 01:53:30 Loading main app package /usr/lib/obsidian/obsidian.asar
2026-02-03 01:53:30 Checking for update using Github
2026-02-03 01:53:30 Success.
2026-02-03 01:53:30 Latest version is 1.11.5
2026-02-03 01:53:30 App is up to date.
2026-02-03 01:55:24 Loading main app package /usr/lib/obsidian/obsidian.asar
2026-02-03 01:55:24 Checking for update using Github
2026-02-03 01:55:25 Success.
2026-02-03 01:55:25 Latest version is 1.11.5
2026-02-03 01:55:25 App is up to date.
2026-02-03 01:55:51 Loading main app package /usr/lib/obsidian/obsidian.asar
2026-02-03 01:55:52 Checking for update using Github
2026-02-03 01:55:52 Success.
2026-02-03 01:55:52 Latest version is 1.11.5
2026-02-03 01:55:52 App is up to date.
2026-02-03 01:56:16 Loading main app package /usr/lib/obsidian/obsidian.asar
2026-02-03 01:56:17 Checking for update using Github
2026-02-03 01:56:17 Success.
2026-02-03 01:56:17 Latest version is 1.11.5
2026-02-03 01:56:17 App is up to date.
2026-02-03 01:56:37 Loading main app package /usr/lib/obsidian/obsidian.asar
2026-02-03 01:56:37 Checking for update using Github
2026-02-03 01:56:37 Success.
2026-02-03 01:56:37 Latest version is 1.11.5
2026-02-03 01:56:37 App is up to date.
2026-02-03 01:57:15 Loading main app package /usr/lib/obsidian/obsidian.asar
2026-02-03 01:57:16 Checking for update using Github
2026-02-03 01:57:16 Success.
2026-02-03 01:57:16 Latest version is 1.11.5
2026-02-03 01:57:16 App is up to date.
2026-02-03 02:34:15 Loading main app package /usr/lib/obsidian/obsidian.asar
2026-02-03 02:34:16 Checking for update using Github
2026-02-03 02:34:16 Success.
2026-02-03 02:34:16 Latest version is 1.11.5
2026-02-03 02:34:16 App is up to date.
2026-02-03 02:41:17 Loading main app package /usr/lib/obsidian/obsidian.asar
2026-02-03 02:41:17 Checking for update using Github
2026-02-03 02:41:18 Success.
2026-02-03 02:41:18 Latest version is 1.11.5
2026-02-03 02:41:18 App is up to date.
2026-02-03 02:41:48 Loading main app package /usr/lib/obsidian/obsidian.asar
2026-02-03 02:41:48 Checking for update using Github
2026-02-03 02:41:48 Success.
2026-02-03 02:41:48 Latest version is 1.11.5
2026-02-03 02:41:48 App is up to date.
2026-02-03 02:56:02 Loading main app package /usr/lib/obsidian/obsidian.asar
2026-02-03 02:56:02 Checking for update using Github
2026-02-03 02:56:02 Success.
2026-02-03 02:56:02 Latest version is 1.11.5
2026-02-03 02:56:02 App is up to date.
2026-02-03 02:56:14 Loading main app package /usr/lib/obsidian/obsidian.asar
2026-02-03 02:56:14 Checking for update using Github
2026-02-03 02:56:14 Success.
2026-02-03 02:56:14 Latest version is 1.11.5
2026-02-03 02:56:14 App is up to date.
2026-02-03 02:56:28 Loading main app package /usr/lib/obsidian/obsidian.asar
2026-02-03 02:56:28 Checking for update using Github
2026-02-03 02:56:41 Loading main app package /usr/lib/obsidian/obsidian.asar
2026-02-03 02:56:41 Checking for update using Github
2026-02-03 02:56:47 Loading main app package /usr/lib/obsidian/obsidian.asar
2026-02-03 02:56:47 Checking for update using Github
2026-02-03 02:56:47 Success.
2026-02-03 02:56:47 Latest version is 1.11.5
2026-02-03 02:56:47 App is up to date.
2026-02-03 03:45:13 Loading main app package /usr/lib/obsidian/obsidian.asar
2026-02-03 03:45:13 Checking for update using Github
2026-02-03 03:45:13 Success.
2026-02-03 03:45:13 Latest version is 1.11.5
2026-02-03 03:45:13 App is up to date.
